Using pre-set license
Built from '2020.3/release' branch; Version is '2020.3.12f1 (b3b2c6512326) revision 11776710'; Using compiler version '192528614'; Build Type 'Release'
OS: 'Windows 10 Home Single Language; OS build 19042.1348; Version 2009; 64bit' Language: 'ru' Physical Memory: 16304 MB
BatchMode: 1, IsHumanControllingUs: 0, StartBugReporterOnCrash: 0, Is64bit: 1, IsPro: 0

 COMMAND LINE ARGUMENTS:
C:\Program Files\Unity\Hub\Editor\2020.3.12f1\Editor\Unity.exe
-adb2
-batchMode
-noUpm
-name
AssetImportWorker0
-projectPath
D:/CarGameMobile/CarGameMobile_End
-logFile
Logs/AssetImportWorker0.log
-srvPort
56594
Successfully changed project path to: D:/CarGameMobile/CarGameMobile_End
D:/CarGameMobile/CarGameMobile_End
Using Asset Import Pipeline V2.
Refreshing native plugins compatible for Editor in 54.35 ms, found 3 plugins.
Preloading 0 native plugins for Editor in 0.00 ms.
Initialize engine version: 2020.3.12f1 (b3b2c6512326)
[Subsystems] Discovering subsystems at path C:/Program Files/Unity/Hub/Editor/2020.3.12f1/Editor/Data/Resources/UnitySubsystems
[Subsystems] Discovering subsystems at path D:/CarGameMobile/CarGameMobile_End/Assets
GfxDevice: creating device client; threaded=0
Direct3D:
    Version:  Direct3D 11.0 [level 11.1]
    Renderer: NVIDIA GeForce GTX 970 (ID=0x13c2)
    Vendor:   
    VRAM:     4043 MB
    Driver:   27.21.14.6109
Initialize mono
Mono path[0] = 'C:/Program Files/Unity/Hub/Editor/2020.3.12f1/Editor/Data/Managed'
Mono path[1] = 'C:/Program Files/Unity/Hub/Editor/2020.3.12f1/Editor/Data/MonoBleedingEdge/lib/mono/unityjit'
Mono config path = 'C:/Program Files/Unity/Hub/Editor/2020.3.12f1/Editor/Data/MonoBleedingEdge/etc'
Using monoOptions --debugger-agent=transport=dt_socket,embedding=1,server=y,suspend=n,address=127.0.0.1:56008
Begin MonoManager ReloadAssembly
Registering precompiled unity dll's ...
Register platform support module: C:/Program Files/Unity/Hub/Editor/2020.3.12f1/Editor/Data/PlaybackEngines/WindowsStandaloneSupport/UnityEditor.WindowsStandalone.Extensions.dll
Registered in 0.001528 seconds.
Native extension for WindowsStandalone target not found
Refreshing native plugins compatible for Editor in 47.38 ms, found 3 plugins.
Preloading 0 native plugins for Editor in 0.00 ms.
Mono: successfully reloaded assembly
- Completed reload, in  1.468 seconds
Platform modules already initialized, skipping
Registering precompiled user dll's ...
Registered in 0.002446 seconds.
Begin MonoManager ReloadAssembly
Native extension for WindowsStandalone target not found
Refreshing native plugins compatible for Editor in 47.12 ms, found 3 plugins.
Preloading 0 native plugins for Editor in 0.00 ms.
Mono: successfully reloaded assembly
- Completed reload, in  1.036 seconds
Platform modules already initialized, skipping
========================================================================
Worker process is ready to serve import requests
Launched and connected shader compiler UnityShaderCompiler.exe after 0.03 seconds
Refreshing native plugins compatible for Editor in 0.92 ms, found 3 plugins.
Preloading 0 native plugins for Editor in 0.00 ms.
Unloading 2519 Unused Serialized files (Serialized files now loaded: 0)
System memory in use before: 105.3 MB.
System memory in use after: 105.5 MB.

Unloading 72 unused Assets to reduce memory usage. Loaded Objects now: 2909.
Total: 5.103200 ms (FindLiveObjects: 0.233000 ms CreateObjectMapping: 0.098700 ms MarkObjects: 4.700800 ms  DeleteObjects: 0.069900 ms)

AssetImportParameters requested are different than current active one (requested -> active):
  custom:framework-win-MediaFoundation: 216162199b28c13a410421893ffa2e32 -> 
  custom:video-decoder-ogg-theora: a1e56fd34408186e4bbccfd4996cb3dc -> 
  custom:container-muxer-webm: aa71ff27fc2769a1b78a27578f13a17b -> 
  custom:container-demuxer-webm: 4f35f7cbe854078d1ac9338744f61a02 -> 
  custom:container-demuxer-ogg: 62fdf1f143b41e24485cea50d1cbac27 -> 
  custom:video-encoder-webm-vp8: eb34c28f22e8b96e1ab97ce403110664 -> 
  custom:video-decoder-webm-vp8: 9c59270c3fd7afecdb556c50c9e8de78 -> 
  custom:audio-decoder-ogg-vorbis: bf7c407c2cedff20999df2af8eb42d56 -> 
  custom:audio-encoder-webm-vorbis: bf7c407c2cedff20999df2af8eb42d56 -> 
========================================================================
Received Import Request.
  path: Assets/_Rewards/Scripts/DailyRewardView.cs
  artifactKey: Guid(063f1b92edbd4b8c812689152aa9dc57) Importer(815301076,1909f56bfc062723c751e8b465ee728b)
Start importing Assets/_Rewards/Scripts/DailyRewardView.cs using Guid(063f1b92edbd4b8c812689152aa9dc57) Importer(815301076,1909f56bfc062723c751e8b465ee728b)  -> (artifact id: '27e306172f01c24f035aa03eceb1a016') in 0.019558 seconds 
  Import took 0.023373 seconds .

========================================================================
Received Import Request.
  Time since last request: 51.549190 seconds.
  path: Assets/_Rewards/Prefabs/Container Slot Reward.prefab
  artifactKey: Guid(7beb3c2245749491c9b4795cc8b9a7e7) Importer(815301076,1909f56bfc062723c751e8b465ee728b)
Start importing Assets/_Rewards/Prefabs/Container Slot Reward.prefab using Guid(7beb3c2245749491c9b4795cc8b9a7e7) Importer(815301076,1909f56bfc062723c751e8b465ee728b)  -> (artifact id: '9e1f9f734d133c19ecc6db062ece8c03') in 0.075386 seconds 
  Import took 0.080307 seconds .

========================================================================
Received Import Request.
  Time since last request: 0.000289 seconds.
  path: Assets/_Rewards/Prefabs/Conteiner Count Resources.prefab
  artifactKey: Guid(41eca4c3e573342e38d625a28e480b97) Importer(815301076,1909f56bfc062723c751e8b465ee728b)
Start importing Assets/_Rewards/Prefabs/Conteiner Count Resources.prefab using Guid(41eca4c3e573342e38d625a28e480b97) Importer(815301076,1909f56bfc062723c751e8b465ee728b)  -> (artifact id: 'a562eb2af537689ca21370bf3c949eda') in 0.024336 seconds 
  Import took 0.029674 seconds .

========================================================================
Received Import Request.
  Time since last request: 0.000244 seconds.
  path: Assets/_Rewards/Prefabs/Container Slot Reward.prefab
  artifactKey: Guid(7beb3c2245749491c9b4795cc8b9a7e7) Importer(815301076,1909f56bfc062723c751e8b465ee728b)
Start importing Assets/_Rewards/Prefabs/Container Slot Reward.prefab using Guid(7beb3c2245749491c9b4795cc8b9a7e7) Importer(815301076,1909f56bfc062723c751e8b465ee728b)  -> (artifact id: '9e1f9f734d133c19ecc6db062ece8c03') in 0.020415 seconds 
  Import took 0.024714 seconds .

========================================================================
Received Import Request.
  Time since last request: 5.148378 seconds.
  path: Assets/TextMesh Pro
  artifactKey: Guid(f54d1bd14bd3ca042bd867b519fee8cc) Importer(815301076,1909f56bfc062723c751e8b465ee728b)
Start importing Assets/TextMesh Pro using Guid(f54d1bd14bd3ca042bd867b519fee8cc) Importer(815301076,1909f56bfc062723c751e8b465ee728b)  -> (artifact id: '16b4cbde9565bf190136f1148817e1ea') in 0.007401 seconds 
  Import took 0.011876 seconds .

========================================================================
Received Import Request.
  Time since last request: 10.842011 seconds.
  path: Assets/_Rewards/Scenes/Rewards.unity
  artifactKey: Guid(5a9dd474e7f8946f78c65941e867ba9b) Importer(815301076,1909f56bfc062723c751e8b465ee728b)
Start importing Assets/_Rewards/Scenes/Rewards.unity using Guid(5a9dd474e7f8946f78c65941e867ba9b) Importer(815301076,1909f56bfc062723c751e8b465ee728b)  -> (artifact id: 'c07a770e013caef46bc50c6c071fcb5e') in 0.006498 seconds 
  Import took 0.010432 seconds .

========================================================================
Received Import Request.
  Time since last request: 512.654482 seconds.
  path: Assets/_Rewards/Scripts/CurrencyView.cs
  artifactKey: Guid(93177f9bb0ef4bd0958b4aa2412b4821) Importer(815301076,1909f56bfc062723c751e8b465ee728b)
Start importing Assets/_Rewards/Scripts/CurrencyView.cs using Guid(93177f9bb0ef4bd0958b4aa2412b4821) Importer(815301076,1909f56bfc062723c751e8b465ee728b)  -> (artifact id: '792bdc2473a85542f23af1afefdaefa4') in 0.006181 seconds 
  Import took 0.011146 seconds .

========================================================================
Received Import Request.
  Time since last request: 0.002427 seconds.
  path: Assets/_Rewards/Scripts/CurrencyView.cs
  artifactKey: Guid(93177f9bb0ef4bd0958b4aa2412b4821) Importer(815301076,1909f56bfc062723c751e8b465ee728b)
Start importing Assets/_Rewards/Scripts/CurrencyView.cs using Guid(93177f9bb0ef4bd0958b4aa2412b4821) Importer(815301076,1909f56bfc062723c751e8b465ee728b)  -> (artifact id: '792bdc2473a85542f23af1afefdaefa4') in 0.001712 seconds 
  Import took 0.005271 seconds .

========================================================================
Received Prepare
Registering precompiled user dll's ...
Registered in 0.002373 seconds.
Begin MonoManager ReloadAssembly
Native extension for WindowsStandalone target not found
Refreshing native plugins compatible for Editor in 1.02 ms, found 3 plugins.
Preloading 0 native plugins for Editor in 0.00 ms.
Mono: successfully reloaded assembly
- Completed reload, in  1.019 seconds
Platform modules already initialized, skipping
Switching build target platform(19) subTarget(0) extendedPlatform(0) -> platform(13) subTarget(589824) extendedPlatform(0)
Refreshing native plugins compatible for Editor in 0.96 ms, found 3 plugins.
Preloading 0 native plugins for Editor in 0.00 ms.
Unloading 2498 Unused Serialized files (Serialized files now loaded: 0)
System memory in use before: 103.4 MB.
System memory in use after: 103.7 MB.

Unloading 61 unused Assets to reduce memory usage. Loaded Objects now: 2911.
Total: 6.302400 ms (FindLiveObjects: 0.418800 ms CreateObjectMapping: 0.156200 ms MarkObjects: 5.689600 ms  DeleteObjects: 0.036500 ms)

AssetImportParameters requested are different than current active one (requested -> active):
  custom:framework-win-MediaFoundation: 216162199b28c13a410421893ffa2e32 -> 
  custom:video-decoder-ogg-theora: a1e56fd34408186e4bbccfd4996cb3dc -> 
  custom:container-muxer-webm: aa71ff27fc2769a1b78a27578f13a17b -> 
  custom:container-demuxer-webm: 4f35f7cbe854078d1ac9338744f61a02 -> 
  custom:container-demuxer-ogg: 62fdf1f143b41e24485cea50d1cbac27 -> 
  custom:video-encoder-webm-vp8: eb34c28f22e8b96e1ab97ce403110664 -> 
  custom:video-decoder-webm-vp8: 9c59270c3fd7afecdb556c50c9e8de78 -> 
  custom:graphics/normal-map-encoding: 01000000000000000000000000000000 -> 02000000000000000000000000000000
  custom:audio-decoder-ogg-vorbis: bf7c407c2cedff20999df2af8eb42d56 -> 
  custom:audio-encoder-webm-vorbis: bf7c407c2cedff20999df2af8eb42d56 -> 
========================================================================
Received Import Request.
  Time since last request: 249.957917 seconds.
  path: Assets/_Rewards/Prefabs
  artifactKey: Guid(6904acc5de5405d47adcf41b026855ab) Importer(815301076,1909f56bfc062723c751e8b465ee728b)
Start importing Assets/_Rewards/Prefabs using Guid(6904acc5de5405d47adcf41b026855ab) Importer(815301076,1909f56bfc062723c751e8b465ee728b)  -> (artifact id: 'e1b33e08c81fcb3979c6f6dac7616112') in 0.010670 seconds 
  Import took 0.014419 seconds .

========================================================================
Received Prepare
Registering precompiled user dll's ...
Registered in 0.002362 seconds.
Begin MonoManager ReloadAssembly
Native extension for WindowsStandalone target not found
Refreshing native plugins compatible for Editor in 0.79 ms, found 3 plugins.
Preloading 0 native plugins for Editor in 0.00 ms.
Mono: successfully reloaded assembly
- Completed reload, in  0.947 seconds
Platform modules already initialized, skipping
Switching build target platform(19) subTarget(0) extendedPlatform(0) -> platform(13) subTarget(589824) extendedPlatform(0)
Refreshing native plugins compatible for Editor in 0.75 ms, found 3 plugins.
Preloading 0 native plugins for Editor in 0.00 ms.
Unloading 2498 Unused Serialized files (Serialized files now loaded: 0)
System memory in use before: 103.5 MB.
System memory in use after: 103.7 MB.

Unloading 61 unused Assets to reduce memory usage. Loaded Objects now: 2913.
Total: 5.660600 ms (FindLiveObjects: 0.260400 ms CreateObjectMapping: 0.089500 ms MarkObjects: 5.280800 ms  DeleteObjects: 0.029000 ms)

AssetImportParameters requested are different than current active one (requested -> active):
  custom:framework-win-MediaFoundation: 216162199b28c13a410421893ffa2e32 -> 
  custom:video-decoder-ogg-theora: a1e56fd34408186e4bbccfd4996cb3dc -> 
  custom:container-muxer-webm: aa71ff27fc2769a1b78a27578f13a17b -> 
  custom:container-demuxer-webm: 4f35f7cbe854078d1ac9338744f61a02 -> 
  custom:container-demuxer-ogg: 62fdf1f143b41e24485cea50d1cbac27 -> 
  custom:video-encoder-webm-vp8: eb34c28f22e8b96e1ab97ce403110664 -> 
  custom:video-decoder-webm-vp8: 9c59270c3fd7afecdb556c50c9e8de78 -> 
  custom:graphics/normal-map-encoding: 01000000000000000000000000000000 -> 02000000000000000000000000000000
  custom:audio-decoder-ogg-vorbis: bf7c407c2cedff20999df2af8eb42d56 -> 
  custom:audio-encoder-webm-vorbis: bf7c407c2cedff20999df2af8eb42d56 -> 
========================================================================
Received Prepare
Registering precompiled user dll's ...
Registered in 0.002434 seconds.
Begin MonoManager ReloadAssembly
Native extension for WindowsStandalone target not found
Refreshing native plugins compatible for Editor in 0.74 ms, found 3 plugins.
Preloading 0 native plugins for Editor in 0.00 ms.
Mono: successfully reloaded assembly
- Completed reload, in  1.005 seconds
Platform modules already initialized, skipping
Switching build target platform(19) subTarget(0) extendedPlatform(0) -> platform(13) subTarget(589824) extendedPlatform(0)
Refreshing native plugins compatible for Editor in 1.31 ms, found 3 plugins.
Preloading 0 native plugins for Editor in 0.00 ms.
Unloading 2498 Unused Serialized files (Serialized files now loaded: 0)
System memory in use before: 103.5 MB.
System memory in use after: 103.7 MB.

Unloading 61 unused Assets to reduce memory usage. Loaded Objects now: 2915.
Total: 6.322000 ms (FindLiveObjects: 0.233000 ms CreateObjectMapping: 0.102400 ms MarkObjects: 5.910500 ms  DeleteObjects: 0.075100 ms)

AssetImportParameters requested are different than current active one (requested -> active):
  custom:framework-win-MediaFoundation: 216162199b28c13a410421893ffa2e32 -> 
  custom:video-decoder-ogg-theora: a1e56fd34408186e4bbccfd4996cb3dc -> 
  custom:container-muxer-webm: aa71ff27fc2769a1b78a27578f13a17b -> 
  custom:container-demuxer-webm: 4f35f7cbe854078d1ac9338744f61a02 -> 
  custom:container-demuxer-ogg: 62fdf1f143b41e24485cea50d1cbac27 -> 
  custom:video-encoder-webm-vp8: eb34c28f22e8b96e1ab97ce403110664 -> 
  custom:video-decoder-webm-vp8: 9c59270c3fd7afecdb556c50c9e8de78 -> 
  custom:graphics/normal-map-encoding: 01000000000000000000000000000000 -> 02000000000000000000000000000000
  custom:audio-decoder-ogg-vorbis: bf7c407c2cedff20999df2af8eb42d56 -> 
  custom:audio-encoder-webm-vorbis: bf7c407c2cedff20999df2af8eb42d56 -> 
AssetImportWorkerClient::OnTransportError - code=2 error=End of file
